gpslibrary/build/intermediates/manifest_merge_blame_file/debug/manifest-merger-blame-debug-report.txt
1<?xml version="1.0" encoding="utf-8"?>
2<manifest xmlns:android="http://schemas.android.com/apk/res/android"
3    package="com.ticketpro.gpslibrary" >
4
5    <uses-sdk android:minSdkVersion="16" />
6
7    <uses-permission android:name="android.permission.ACCESS_COARSE_LOCATION" />
7-->src/main/AndroidManifest.xml:4:5-81
7-->src/main/AndroidManifest.xml:4:22-78
8    <uses-permission android:name="android.permission.ACCESS_FINE_LOCATION" />
8-->src/main/AndroidManifest.xml:5:5-78
8-->src/main/AndroidManifest.xml:5:22-76
9
10    <uses-feature android:name="android.hardware.location.gps" />
10-->src/main/AndroidManifest.xml:6:5-66
10-->src/main/AndroidManifest.xml:6:19-63
11
12    <application />
12-->src/main/AndroidManifest.xml:8:5-20
13
14</manifest>